[2022-09-19 11:19:53.579] [pxr_streamer] [info] ***********  Log Begin **********
[2022-09-19 11:19:53.579] [pxr_streamer] [info] process id= 20244
[2022-09-19 11:19:53.579] [pxr_streamer] [error] rpc_terminal.cpp:37 operator (): connect failed, error= No connection could be made because the target machine actively refused it., this = 0x675f4590
[2022-09-19 11:19:53.581] [pxr_streamer] [error] rpc_terminal.h:50 Call: invalid rpc_client_, msg = Hello, this = 0x675f4590
[2022-09-19 11:19:53.581] [pxr_streamer] [error] rpc_terminal.h:50 Call: invalid rpc_client_, msg = QueryRemoteTerminals, this = 0x675f4590
[2022-09-19 11:19:56.634] [pxr_streamer] [error] rpc_terminal.cpp:37 operator (): connect failed, error= No connection could be made because the target machine actively refused it., this = 0x675f4590
[2022-09-19 11:19:59.680] [pxr_streamer] [error] rpc_terminal.cpp:37 operator (): connect failed, error= No connection could be made because the target machine actively refused it., this = 0x675f4590
[2022-09-19 11:20:02.715] [pxr_streamer] [error] rpc_terminal.cpp:37 operator (): connect failed, error= No connection could be made because the target machine actively refused it., this = 0x675f4590
[2022-09-19 11:20:05.739] [pxr_streamer] [error] rpc_terminal.cpp:37 operator (): connect failed, error= No connection could be made because the target machine actively refused it., this = 0x675f4590
[2022-09-19 11:20:08.783] [pxr_streamer] [error] rpc_terminal.cpp:37 operator (): connect failed, error= No connection could be made because the target machine actively refused it., this = 0x675f4590
[2022-09-19 11:20:11.810] [pxr_streamer] [error] rpc_terminal.cpp:37 operator (): connect failed, error= No connection could be made because the target machine actively refused it., this = 0x675f4590
[2022-09-19 11:20:14.883] [pxr_streamer] [error] rpc_terminal.cpp:37 operator (): connect failed, error= No connection could be made because the target machine actively refused it., this = 0x675f4590
[2022-09-19 11:20:17.914] [pxr_streamer] [error] rpc_terminal.cpp:37 operator (): connect failed, error= No connection could be made because the target machine actively refused it., this = 0x675f4590
[2022-09-19 11:20:20.948] [pxr_streamer] [error] rpc_terminal.cpp:37 operator (): connect failed, error= No connection could be made because the target machine actively refused it., this = 0x675f4590
[2022-09-19 11:20:23.952] [pxr_streamer] [error] rpc_terminal.cpp:37 operator (): connect failed, error= No connection could be made because the target machine actively refused it., this = 0x675f4590
[2022-09-19 11:20:26.965] [pxr_streamer] [error] rpc_terminal.cpp:37 operator (): connect failed, error= No connection could be made because the target machine actively refused it., this = 0x675f4590
[2022-09-19 11:20:29.999] [pxr_streamer] [error] rpc_terminal.cpp:37 operator (): connect failed, error= No connection could be made because the target machine actively refused it., this = 0x675f4590
[2022-09-19 11:20:33.031] [pxr_streamer] [error] rpc_terminal.cpp:37 operator (): connect failed, error= No connection could be made because the target machine actively refused it., this = 0x675f4590
[2022-09-19 11:20:36.093] [pxr_streamer] [error] rpc_terminal.cpp:37 operator (): connect failed, error= No connection could be made because the target machine actively refused it., this = 0x675f4590
[2022-09-19 11:20:39.120] [pxr_streamer] [error] rpc_terminal.cpp:37 operator (): connect failed, error= No connection could be made because the target machine actively refused it., this = 0x675f4590
[2022-09-19 11:20:42.152] [pxr_streamer] [error] rpc_terminal.cpp:37 operator (): connect failed, error= No connection could be made because the target machine actively refused it., this = 0x675f4590
[2022-09-19 11:20:45.186] [pxr_streamer] [error] rpc_terminal.cpp:37 operator (): connect failed, error= No connection could be made because the target machine actively refused it., this = 0x675f4590
[2022-09-19 11:20:48.239] [pxr_streamer] [error] rpc_terminal.cpp:37 operator (): connect failed, error= No connection could be made because the target machine actively refused it., this = 0x675f4590
[2022-09-19 11:20:51.271] [pxr_streamer] [error] rpc_terminal.cpp:37 operator (): connect failed, error= No connection could be made because the target machine actively refused it., this = 0x675f4590
[2022-09-19 11:20:54.294] [pxr_streamer] [error] rpc_terminal.cpp:37 operator (): connect failed, error= No connection could be made because the target machine actively refused it., this = 0x675f4590
[2022-09-19 11:20:57.313] [pxr_streamer] [error] rpc_terminal.cpp:37 operator (): connect failed, error= No connection could be made because the target machine actively refused it., this = 0x675f4590
[2022-09-19 11:21:00.344] [pxr_streamer] [error] rpc_terminal.cpp:37 operator (): connect failed, error= No connection could be made because the target machine actively refused it., this = 0x675f4590
[2022-09-19 11:21:02.170] [pxr_streamer] [error] rpc_terminal.cpp:37 operator (): connect failed, error= No connection could be made because the target machine actively refused it., this = 0x633682a0
[2022-09-19 11:21:02.170] [pxr_streamer] [error] rpc_terminal.h:50 Call: invalid rpc_client_, msg = Hello, this = 0x633682a0
[2022-09-19 11:21:02.170] [pxr_streamer] [error] rpc_terminal.h:50 Call: invalid rpc_client_, msg = QueryRemoteTerminals, this = 0x633682a0
[2022-09-19 11:21:03.377] [pxr_streamer] [error] rpc_terminal.cpp:37 operator (): connect failed, error= No connection could be made because the target machine actively refused it., this = 0x675f4590
[2022-09-19 11:21:05.207] [pxr_streamer] [error] rpc_terminal.cpp:37 operator (): connect failed, error= No connection could be made because the target machine actively refused it., this = 0x633682a0
[2022-09-19 11:21:06.417] [pxr_streamer] [error] rpc_terminal.cpp:37 operator (): connect failed, error= No connection could be made because the target machine actively refused it., this = 0x675f4590
[2022-09-19 11:21:08.241] [pxr_streamer] [error] rpc_terminal.cpp:37 operator (): connect failed, error= No connection could be made because the target machine actively refused it., this = 0x633682a0
[2022-09-19 11:21:08.982] [pxr_streamer] [error] rpc_terminal.cpp:37 operator (): connect failed, error= No connection could be made because the target machine actively refused it., this = 0x68f22f10
[2022-09-19 11:21:08.982] [pxr_streamer] [error] rpc_terminal.h:50 Call: invalid rpc_client_, msg = Hello, this = 0x68f22f10
[2022-09-19 11:21:08.982] [pxr_streamer] [error] rpc_terminal.h:50 Call: invalid rpc_client_, msg = QueryRemoteTerminals, this = 0x68f22f10
[2022-09-19 11:21:09.441] [pxr_streamer] [error] rpc_terminal.cpp:37 operator (): connect failed, error= No connection could be made because the target machine actively refused it., this = 0x675f4590
[2022-09-19 11:21:11.297] [pxr_streamer] [error] rpc_terminal.cpp:37 operator (): connect failed, error= No connection could be made because the target machine actively refused it., this = 0x633682a0
[2022-09-19 11:21:12.027] [pxr_streamer] [error] rpc_terminal.cpp:37 operator (): connect failed, error= No connection could be made because the target machine actively refused it., this = 0x68f22f10
[2022-09-19 11:21:12.467] [pxr_streamer] [error] rpc_terminal.cpp:37 operator (): connect failed, error= No connection could be made because the target machine actively refused it., this = 0x675f4590
[2022-09-19 11:21:14.331] [pxr_streamer] [error] rpc_terminal.cpp:37 operator (): connect failed, error= No connection could be made because the target machine actively refused it., this = 0x633682a0
[2022-09-19 11:21:15.063] [pxr_streamer] [error] rpc_terminal.cpp:37 operator (): connect failed, error= No connection could be made because the target machine actively refused it., this = 0x68f22f10
[2022-09-19 11:21:15.499] [pxr_streamer] [error] rpc_terminal.cpp:37 operator (): connect failed, error= No connection could be made because the target machine actively refused it., this = 0x675f4590
[2022-09-19 11:21:17.369] [pxr_streamer] [error] rpc_terminal.cpp:37 operator (): connect failed, error= No connection could be made because the target machine actively refused it., this = 0x633682a0
[2022-09-19 11:21:18.092] [pxr_streamer] [error] rpc_terminal.cpp:37 operator (): connect failed, error= No connection could be made because the target machine actively refused it., this = 0x68f22f10
[2022-09-19 11:21:18.530] [pxr_streamer] [error] rpc_terminal.cpp:37 operator (): connect failed, error= No connection could be made because the target machine actively refused it., this = 0x675f4590
[2022-09-19 11:21:20.391] [pxr_streamer] [error] rpc_terminal.cpp:37 operator (): connect failed, error= No connection could be made because the target machine actively refused it., this = 0x633682a0
[2022-09-19 11:21:21.108] [pxr_streamer] [error] rpc_terminal.cpp:37 operator (): connect failed, error= No connection could be made because the target machine actively refused it., this = 0x68f22f10
[2022-09-19 11:21:21.564] [pxr_streamer] [error] rpc_terminal.cpp:37 operator (): connect failed, error= No connection could be made because the target machine actively refused it., this = 0x675f4590
[2022-09-19 11:21:23.407] [pxr_streamer] [error] rpc_terminal.cpp:37 operator (): connect failed, error= No connection could be made because the target machine actively refused it., this = 0x633682a0
[2022-09-19 11:21:24.155] [pxr_streamer] [error] rpc_terminal.cpp:37 operator (): connect failed, error= No connection could be made because the target machine actively refused it., this = 0x68f22f10
[2022-09-19 11:21:24.592] [pxr_streamer] [error] rpc_terminal.cpp:37 operator (): connect failed, error= No connection could be made because the target machine actively refused it., this = 0x675f4590
[2022-09-19 11:21:26.447] [pxr_streamer] [error] rpc_terminal.cpp:37 operator (): connect failed, error= No connection could be made because the target machine actively refused it., this = 0x633682a0
[2022-09-19 11:21:27.196] [pxr_streamer] [error] rpc_terminal.cpp:37 operator (): connect failed, error= No connection could be made because the target machine actively refused it., this = 0x68f22f10
[2022-09-19 11:21:27.633] [pxr_streamer] [error] rpc_terminal.cpp:37 operator (): connect failed, error= No connection could be made because the target machine actively refused it., this = 0x675f4590
[2022-09-19 11:21:29.489] [pxr_streamer] [error] rpc_terminal.cpp:37 operator (): connect failed, error= No connection could be made because the target machine actively refused it., this = 0x633682a0
[2022-09-19 11:21:30.238] [pxr_streamer] [error] rpc_terminal.cpp:37 operator (): connect failed, error= No connection could be made because the target machine actively refused it., this = 0x68f22f10
[2022-09-19 11:21:30.674] [pxr_streamer] [error] rpc_terminal.cpp:37 operator (): connect failed, error= No connection could be made because the target machine actively refused it., this = 0x675f4590
[2022-09-19 11:21:32.543] [pxr_streamer] [error] rpc_terminal.cpp:37 operator (): connect failed, error= No connection could be made because the target machine actively refused it., this = 0x633682a0
[2022-09-19 11:21:33.278] [pxr_streamer] [error] rpc_terminal.cpp:37 operator (): connect failed, error= No connection could be made because the target machine actively refused it., this = 0x68f22f10
[2022-09-19 11:21:33.713] [pxr_streamer] [error] rpc_terminal.cpp:37 operator (): connect failed, error= No connection could be made because the target machine actively refused it., this = 0x675f4590
[2022-09-19 11:21:35.587] [pxr_streamer] [error] rpc_terminal.cpp:37 operator (): connect failed, error= No connection could be made because the target machine actively refused it., this = 0x633682a0
[2022-09-19 11:21:36.330] [pxr_streamer] [error] rpc_terminal.cpp:37 operator (): connect failed, error= No connection could be made because the target machine actively refused it., this = 0x68f22f10
[2022-09-19 11:21:36.766] [pxr_streamer] [error] rpc_terminal.cpp:37 operator (): connect failed, error= No connection could be made because the target machine actively refused it., this = 0x675f4590
[2022-09-19 11:21:38.594] [pxr_streamer] [error] rpc_terminal.cpp:37 operator (): connect failed, error= No connection could be made because the target machine actively refused it., this = 0x633682a0
[2022-09-19 11:21:39.346] [pxr_streamer] [error] rpc_terminal.cpp:37 operator (): connect failed, error= No connection could be made because the target machine actively refused it., this = 0x68f22f10
[2022-09-19 11:21:39.785] [pxr_streamer] [error] rpc_terminal.cpp:37 operator (): connect failed, error= No connection could be made because the target machine actively refused it., this = 0x675f4590
[2022-09-19 11:21:41.638] [pxr_streamer] [error] rpc_terminal.cpp:37 operator (): connect failed, error= No connection could be made because the target machine actively refused it., this = 0x633682a0
[2022-09-19 11:21:42.386] [pxr_streamer] [error] rpc_terminal.cpp:37 operator (): connect failed, error= No connection could be made because the target machine actively refused it., this = 0x68f22f10
[2022-09-19 11:21:42.825] [pxr_streamer] [error] rpc_terminal.cpp:37 operator (): connect failed, error= No connection could be made because the target machine actively refused it., this = 0x675f4590
[2022-09-19 11:21:44.656] [pxr_streamer] [error] rpc_terminal.cpp:37 operator (): connect failed, error= No connection could be made because the target machine actively refused it., this = 0x633682a0
[2022-09-19 11:21:45.419] [pxr_streamer] [error] rpc_terminal.cpp:37 operator (): connect failed, error= No connection could be made because the target machine actively refused it., this = 0x68f22f10
[2022-09-19 11:21:45.870] [pxr_streamer] [error] rpc_terminal.cpp:37 operator (): connect failed, error= No connection could be made because the target machine actively refused it., this = 0x675f4590
[2022-09-19 11:21:47.684] [pxr_streamer] [error] rpc_terminal.cpp:37 operator (): connect failed, error= No connection could be made because the target machine actively refused it., this = 0x633682a0
[2022-09-19 11:21:48.450] [pxr_streamer] [error] rpc_terminal.cpp:37 operator (): connect failed, error= No connection could be made because the target machine actively refused it., this = 0x68f22f10
[2022-09-19 11:21:48.904] [pxr_streamer] [error] rpc_terminal.cpp:37 operator (): connect failed, error= No connection could be made because the target machine actively refused it., this = 0x675f4590
[2022-09-19 11:21:50.726] [pxr_streamer] [error] rpc_terminal.cpp:37 operator (): connect failed, error= No connection could be made because the target machine actively refused it., this = 0x633682a0
[2022-09-19 11:21:51.489] [pxr_streamer] [error] rpc_terminal.cpp:37 operator (): connect failed, error= No connection could be made because the target machine actively refused it., this = 0x68f22f10
[2022-09-19 11:21:51.943] [pxr_streamer] [error] rpc_terminal.cpp:37 operator (): connect failed, error= No connection could be made because the target machine actively refused it., this = 0x675f4590
[2022-09-19 11:21:53.769] [pxr_streamer] [error] rpc_terminal.cpp:37 operator (): connect failed, error= No connection could be made because the target machine actively refused it., this = 0x633682a0
[2022-09-19 11:21:54.506] [pxr_streamer] [error] rpc_terminal.cpp:37 operator (): connect failed, error= No connection could be made because the target machine actively refused it., this = 0x68f22f10
[2022-09-19 11:21:54.962] [pxr_streamer] [error] rpc_terminal.cpp:37 operator (): connect failed, error= No connection could be made because the target machine actively refused it., this = 0x675f4590
[2022-09-19 11:21:56.804] [pxr_streamer] [error] rpc_terminal.cpp:37 operator (): connect failed, error= No connection could be made because the target machine actively refused it., this = 0x633682a0
[2022-09-19 11:21:57.540] [pxr_streamer] [error] rpc_terminal.cpp:37 operator (): connect failed, error= No connection could be made because the target machine actively refused it., this = 0x68f22f10
[2022-09-19 11:21:57.993] [pxr_streamer] [error] rpc_terminal.cpp:37 operator (): connect failed, error= No connection could be made because the target machine actively refused it., this = 0x675f4590
[2022-09-19 11:21:59.826] [pxr_streamer] [error] rpc_terminal.cpp:37 operator (): connect failed, error= No connection could be made because the target machine actively refused it., this = 0x633682a0
[2022-09-19 11:22:00.557] [pxr_streamer] [error] rpc_terminal.cpp:37 operator (): connect failed, error= No connection could be made because the target machine actively refused it., this = 0x68f22f10
[2022-09-19 11:22:01.032] [pxr_streamer] [error] rpc_terminal.cpp:37 operator (): connect failed, error= No connection could be made because the target machine actively refused it., this = 0x675f4590
[2022-09-19 11:22:02.841] [pxr_streamer] [error] rpc_terminal.cpp:37 operator (): connect failed, error= No connection could be made because the target machine actively refused it., this = 0x633682a0
[2022-09-19 11:22:03.589] [pxr_streamer] [error] rpc_terminal.cpp:37 operator (): connect failed, error= No connection could be made because the target machine actively refused it., this = 0x68f22f10
[2022-09-19 11:22:04.074] [pxr_streamer] [error] rpc_terminal.cpp:37 operator (): connect failed, error= No connection could be made because the target machine actively refused it., this = 0x675f4590
[2022-09-19 11:22:05.884] [pxr_streamer] [error] rpc_terminal.cpp:37 operator (): connect failed, error= No connection could be made because the target machine actively refused it., this = 0x633682a0
[2022-09-19 11:22:06.622] [pxr_streamer] [error] rpc_terminal.cpp:37 operator (): connect failed, error= No connection could be made because the target machine actively refused it., this = 0x68f22f10
[2022-09-19 11:22:07.106] [pxr_streamer] [error] rpc_terminal.cpp:37 operator (): connect failed, error= No connection could be made because the target machine actively refused it., this = 0x675f4590
[2022-09-19 11:22:08.920] [pxr_streamer] [error] rpc_terminal.cpp:37 operator (): connect failed, error= No connection could be made because the target machine actively refused it., this = 0x633682a0
[2022-09-19 11:22:09.657] [pxr_streamer] [error] rpc_terminal.cpp:37 operator (): connect failed, error= No connection could be made because the target machine actively refused it., this = 0x68f22f10
[2022-09-19 11:22:10.126] [pxr_streamer] [error] rpc_terminal.cpp:37 operator (): connect failed, error= No connection could be made because the target machine actively refused it., this = 0x675f4590
[2022-09-19 11:22:11.929] [pxr_streamer] [error] rpc_terminal.cpp:37 operator (): connect failed, error= No connection could be made because the target machine actively refused it., this = 0x633682a0
[2022-09-19 11:22:12.680] [pxr_streamer] [error] rpc_terminal.cpp:37 operator (): connect failed, error= No connection could be made because the target machine actively refused it., this = 0x68f22f10
[2022-09-19 11:22:13.148] [pxr_streamer] [error] rpc_terminal.cpp:37 operator (): connect failed, error= No connection could be made because the target machine actively refused it., this = 0x675f4590
[2022-09-19 11:22:14.974] [pxr_streamer] [error] rpc_terminal.cpp:37 operator (): connect failed, error= No connection could be made because the target machine actively refused it., this = 0x633682a0
[2022-09-19 11:22:15.730] [pxr_streamer] [error] rpc_terminal.cpp:37 operator (): connect failed, error= No connection could be made because the target machine actively refused it., this = 0x68f22f10
[2022-09-19 11:22:16.187] [pxr_streamer] [error] rpc_terminal.cpp:37 operator (): connect failed, error= No connection could be made because the target machine actively refused it., this = 0x675f4590
[2022-09-19 11:22:17.999] [pxr_streamer] [error] rpc_terminal.cpp:37 operator (): connect failed, error= No connection could be made because the target machine actively refused it., this = 0x633682a0
[2022-09-19 11:22:18.778] [pxr_streamer] [error] rpc_terminal.cpp:37 operator (): connect failed, error= No connection could be made because the target machine actively refused it., this = 0x68f22f10
[2022-09-19 11:22:19.243] [pxr_streamer] [error] rpc_terminal.cpp:37 operator (): connect failed, error= No connection could be made because the target machine actively refused it., this = 0x675f4590
[2022-09-19 11:22:21.033] [pxr_streamer] [error] rpc_terminal.cpp:37 operator (): connect failed, error= No connection could be made because the target machine actively refused it., this = 0x633682a0
[2022-09-19 11:22:21.806] [pxr_streamer] [error] rpc_terminal.cpp:37 operator (): connect failed, error= No connection could be made because the target machine actively refused it., this = 0x68f22f10
[2022-09-19 11:22:22.264] [pxr_streamer] [error] rpc_terminal.cpp:37 operator (): connect failed, error= No connection could be made because the target machine actively refused it., this = 0x675f4590
[2022-09-19 11:22:24.077] [pxr_streamer] [error] rpc_terminal.cpp:37 operator (): connect failed, error= No connection could be made because the target machine actively refused it., this = 0x633682a0
[2022-09-19 11:22:24.840] [pxr_streamer] [error] rpc_terminal.cpp:37 operator (): connect failed, error= No connection could be made because the target machine actively refused it., this = 0x68f22f10
[2022-09-19 11:22:25.308] [pxr_streamer] [error] rpc_terminal.cpp:37 operator (): connect failed, error= No connection could be made because the target machine actively refused it., this = 0x675f4590
[2022-09-19 11:22:27.093] [pxr_streamer] [error] rpc_terminal.cpp:37 operator (): connect failed, error= No connection could be made because the target machine actively refused it., this = 0x633682a0
[2022-09-19 11:22:27.876] [pxr_streamer] [error] rpc_terminal.cpp:37 operator (): connect failed, error= No connection could be made because the target machine actively refused it., this = 0x68f22f10
[2022-09-19 11:22:28.344] [pxr_streamer] [error] rpc_terminal.cpp:37 operator (): connect failed, error= No connection could be made because the target machine actively refused it., this = 0x675f4590
[2022-09-19 11:22:30.124] [pxr_streamer] [error] rpc_terminal.cpp:37 operator (): connect failed, error= No connection could be made because the target machine actively refused it., this = 0x633682a0
[2022-09-19 11:22:30.891] [pxr_streamer] [error] rpc_terminal.cpp:37 operator (): connect failed, error= No connection could be made because the target machine actively refused it., this = 0x68f22f10
[2022-09-19 11:22:31.375] [pxr_streamer] [error] rpc_terminal.cpp:37 operator (): connect failed, error= No connection could be made because the target machine actively refused it., this = 0x675f4590
[2022-09-19 11:22:33.144] [pxr_streamer] [error] rpc_terminal.cpp:37 operator (): connect failed, error= No connection could be made because the target machine actively refused it., this = 0x633682a0
[2022-09-19 11:22:33.918] [pxr_streamer] [error] rpc_terminal.cpp:37 operator (): connect failed, error= No connection could be made because the target machine actively refused it., this = 0x68f22f10
[2022-09-19 11:22:34.403] [pxr_streamer] [error] rpc_terminal.cpp:37 operator (): connect failed, error= No connection could be made because the target machine actively refused it., this = 0x675f4590
[2022-09-19 11:22:36.185] [pxr_streamer] [error] rpc_terminal.cpp:37 operator (): connect failed, error= No connection could be made because the target machine actively refused it., this = 0x633682a0
[2022-09-19 11:22:36.949] [pxr_streamer] [error] rpc_terminal.cpp:37 operator (): connect failed, error= No connection could be made because the target machine actively refused it., this = 0x68f22f10
[2022-09-19 11:22:37.421] [pxr_streamer] [error] rpc_terminal.cpp:37 operator (): connect failed, error= No connection could be made because the target machine actively refused it., this = 0x675f4590
[2022-09-19 11:22:39.241] [pxr_streamer] [error] rpc_terminal.cpp:37 operator (): connect failed, error= No connection could be made because the target machine actively refused it., this = 0x633682a0
[2022-09-19 11:22:40.005] [pxr_streamer] [error] rpc_terminal.cpp:37 operator (): connect failed, error= No connection could be made because the target machine actively refused it., this = 0x68f22f10
[2022-09-19 11:22:40.459] [pxr_streamer] [error] rpc_terminal.cpp:37 operator (): connect failed, error= No connection could be made because the target machine actively refused it., this = 0x675f4590
[2022-09-19 11:22:42.281] [pxr_streamer] [error] rpc_terminal.cpp:37 operator (): connect failed, error= No connection could be made because the target machine actively refused it., this = 0x633682a0
[2022-09-19 11:22:43.027] [pxr_streamer] [error] rpc_terminal.cpp:37 operator (): connect failed, error= No connection could be made because the target machine actively refused it., this = 0x68f22f10
[2022-09-19 11:22:43.496] [pxr_streamer] [error] rpc_terminal.cpp:37 operator (): connect failed, error= No connection could be made because the target machine actively refused it., this = 0x675f4590
[2022-09-19 11:22:45.313] [pxr_streamer] [error] rpc_terminal.cpp:37 operator (): connect failed, error= No connection could be made because the target machine actively refused it., this = 0x633682a0
[2022-09-19 11:22:46.064] [pxr_streamer] [error] rpc_terminal.cpp:37 operator (): connect failed, error= No connection could be made because the target machine actively refused it., this = 0x68f22f10
[2022-09-19 11:22:46.505] [pxr_streamer] [error] rpc_terminal.cpp:37 operator (): connect failed, error= No connection could be made because the target machine actively refused it., this = 0x675f4590
[2022-09-19 11:22:48.327] [pxr_streamer] [error] rpc_terminal.cpp:37 operator (): connect failed, error= No connection could be made because the target machine actively refused it., this = 0x633682a0
[2022-09-19 11:22:49.095] [pxr_streamer] [error] rpc_terminal.cpp:37 operator (): connect failed, error= No connection could be made because the target machine actively refused it., this = 0x68f22f10
[2022-09-19 11:22:49.542] [pxr_streamer] [error] rpc_terminal.cpp:37 operator (): connect failed, error= No connection could be made because the target machine actively refused it., this = 0x675f4590
[2022-09-19 11:22:51.365] [pxr_streamer] [error] rpc_terminal.cpp:37 operator (): connect failed, error= No connection could be made because the target machine actively refused it., this = 0x633682a0
[2022-09-19 11:22:52.103] [pxr_streamer] [error] rpc_terminal.cpp:37 operator (): connect failed, error= No connection could be made because the target machine actively refused it., this = 0x68f22f10
[2022-09-19 11:22:52.558] [pxr_streamer] [error] rpc_terminal.cpp:37 operator (): connect failed, error= No connection could be made because the target machine actively refused it., this = 0x675f4590
[2022-09-19 11:22:54.403] [pxr_streamer] [error] rpc_terminal.cpp:37 operator (): connect failed, error= No connection could be made because the target machine actively refused it., this = 0x633682a0
[2022-09-19 11:22:55.137] [pxr_streamer] [error] rpc_terminal.cpp:37 operator (): connect failed, error= No connection could be made because the target machine actively refused it., this = 0x68f22f10
[2022-09-19 11:22:55.589] [pxr_streamer] [error] rpc_terminal.cpp:37 operator (): connect failed, error= No connection could be made because the target machine actively refused it., this = 0x675f4590
[2022-09-19 11:22:57.439] [pxr_streamer] [error] rpc_terminal.cpp:37 operator (): connect failed, error= No connection could be made because the target machine actively refused it., this = 0x633682a0
[2022-09-19 11:22:58.148] [pxr_streamer] [error] rpc_terminal.cpp:37 operator (): connect failed, error= No connection could be made because the target machine actively refused it., this = 0x68f22f10
[2022-09-19 11:22:58.622] [pxr_streamer] [error] rpc_terminal.cpp:37 operator (): connect failed, error= No connection could be made because the target machine actively refused it., this = 0x675f4590
[2022-09-19 11:23:00.495] [pxr_streamer] [error] rpc_terminal.cpp:37 operator (): connect failed, error= No connection could be made because the target machine actively refused it., this = 0x633682a0
[2022-09-19 11:23:01.184] [pxr_streamer] [error] rpc_terminal.cpp:37 operator (): connect failed, error= No connection could be made because the target machine actively refused it., this = 0x68f22f10
[2022-09-19 11:23:01.640] [pxr_streamer] [error] rpc_terminal.cpp:37 operator (): connect failed, error= No connection could be made because the target machine actively refused it., this = 0x675f4590
[2022-09-19 11:23:03.530] [pxr_streamer] [error] rpc_terminal.cpp:37 operator (): connect failed, error= No connection could be made because the target machine actively refused it., this = 0x633682a0
