Using pre-set license
Built from '2021.3/staging' branch; Version is '2021.3.9f1 (ad3870b89536) revision 11352176'; Using compiler version '192829333'; Build Type 'Release'
OS: 'Windows 10  (10.0.19043) 64bit Professional' Language: 'en' Physical Memory: 8029 MB
BatchMode: 1, IsHumanControllingUs: 0, StartBugReporterOnCrash: 0, Is64bit: 1, IsPro: 1

COMMAND LINE ARGUMENTS:
D:\Me stuff\Unity Editor\2021.3.9f1\Editor\Unity.exe
-adb2
-batchMode
-noUpm
-name
AssetImportWorker0
-projectPath
D:/Mashed-Potatoes/Mashed Potatoes
-logFile
Logs/AssetImportWorker0.log
-srvPort
64824
Successfully changed project path to: D:/Mashed-Potatoes/Mashed Potatoes
D:/Mashed-Potatoes/Mashed Potatoes
[UnityMemory] Configuration Parameters - Can be set up in boot.config
    "memorysetup-bucket-allocator-granularity=16"
    "memorysetup-bucket-allocator-bucket-count=8"
    "memorysetup-bucket-allocator-block-size=33554432"
    "memorysetup-bucket-allocator-block-count=8"
    "memorysetup-main-allocator-block-size=16777216"
    "memorysetup-thread-allocator-block-size=16777216"
    "memorysetup-gfx-main-allocator-block-size=16777216"
    "memorysetup-gfx-thread-allocator-block-size=16777216"
    "memorysetup-cache-allocator-block-size=4194304"
    "memorysetup-typetree-allocator-block-size=2097152"
    "memorysetup-profiler-bucket-allocator-granularity=16"
    "memorysetup-profiler-bucket-allocator-bucket-count=8"
    "memorysetup-profiler-bucket-allocator-block-size=33554432"
    "memorysetup-profiler-bucket-allocator-block-count=8"
    "memorysetup-profiler-allocator-block-size=16777216"
    "memorysetup-profiler-editor-allocator-block-size=1048576"
    "memorysetup-temp-allocator-size-main=16777216"
    "memorysetup-job-temp-allocator-block-size=2097152"
    "memorysetup-job-temp-allocator-block-size-background=1048576"
    "memorysetup-job-temp-allocator-reduction-small-platforms=262144"
    "memorysetup-temp-allocator-size-background-worker=32768"
    "memorysetup-temp-allocator-size-job-worker=262144"
    "memorysetup-temp-allocator-size-preload-manager=33554432"
    "memorysetup-temp-allocator-size-nav-mesh-worker=65536"
    "memorysetup-temp-allocator-size-audio-worker=65536"
    "memorysetup-temp-allocator-size-cloud-worker=32768"
    "memorysetup-temp-allocator-size-gi-baking-worker=262144"
    "memorysetup-temp-allocator-size-gfx=262144"
Refreshing native plugins compatible for Editor in 354.71 ms, found 14 plugins.
Preloading 1 native plugins for Editor in 10.33 ms.
Initialize engine version: 2021.3.9f1 (ad3870b89536)
[Subsystems] Discovering subsystems at path D:/Me stuff/Unity Editor/2021.3.9f1/Editor/Data/Resources/UnitySubsystems
[Subsystems] Discovering subsystems at path D:/Mashed-Potatoes/Mashed Potatoes/Assets
GfxDevice: creating device client; threaded=0; jobified=0
Direct3D:
    Version:  Direct3D 11.0 [level 11.1]
    Renderer: NVIDIA GeForce GTX 1650 (ID=0x1f99)
    Vendor:   NVIDIA
    VRAM:     3962 MB
    Driver:   31.0.15.1694
Initialize mono
Mono path[0] = 'D:/Me stuff/Unity Editor/2021.3.9f1/Editor/Data/Managed'
Mono path[1] = 'D:/Me stuff/Unity Editor/2021.3.9f1/Editor/Data/MonoBleedingEdge/lib/mono/unityjit-win32'
Mono config path = 'D:/Me stuff/Unity Editor/2021.3.9f1/Editor/Data/MonoBleedingEdge/etc'
Using monoOptions --debugger-agent=transport=dt_socket,embedding=1,server=y,suspend=n,address=127.0.0.1:56512
Begin MonoManager ReloadAssembly
Registering precompiled unity dll's ...
Register platform support module: D:/Me stuff/Unity Editor/2021.3.9f1/Editor/Data/PlaybackEngines/AndroidPlayer/UnityEditor.Android.Extensions.dll
Register platform support module: D:/Me stuff/Unity Editor/2021.3.9f1/Editor/Data/PlaybackEngines/WindowsStandaloneSupport/UnityEditor.WindowsStandalone.Extensions.dll
Registered in 0.032871 seconds.
Native extension for WindowsStandalone target not found
Native extension for Android target not found
Refreshing native plugins compatible for Editor in 156.95 ms, found 14 plugins.
Preloading 1 native plugins for Editor in 0.12 ms.
Mono: successfully reloaded assembly
- Completed reload, in  2.305 seconds
Domain Reload Profiling:
	ReloadAssembly (2306ms)
		BeginReloadAssembly (371ms)
			ExecutionOrderSort (0ms)
			DisableScriptedObjects (0ms)
			BackupInstance (0ms)
			ReleaseScriptingObjects (0ms)
			CreateAndSetChildDomain (2ms)
		EndReloadAssembly (1299ms)
			LoadAssemblies (370ms)
			RebuildTransferFunctionScriptingTraits (2ms)
			SetupTypeCache (468ms)
			ReleaseScriptCaches (0ms)
			RebuildScriptCaches (109ms)
			SetupLoadedEditorAssemblies (548ms)
				LogAssemblyErrors (0ms)
				InitializePlatformSupportModulesInManaged (167ms)
				SetLoadedEditorAssemblies (0ms)
				RefreshPlugins (157ms)
				BeforeProcessingInitializeOnLoad (2ms)
				ProcessInitializeOnLoadAttributes (154ms)
				ProcessInitializeOnLoadMethodAttributes (68ms)
				AfterProcessingInitializeOnLoad (0ms)
				EditorAssembliesLoaded (0ms)
			ExecutionOrderSort2 (0ms)
			AwakeInstancesAfterBackupRestoration (0ms)
Platform modules already initialized, skipping
Registering precompiled user dll's ...
Registered in 0.035288 seconds.
Begin MonoManager ReloadAssembly
Native extension for WindowsStandalone target not found
Native extension for Android target not found
Refreshing native plugins compatible for Editor in 305.99 ms, found 14 plugins.
Preloading 1 native plugins for Editor in 0.18 ms.
Package Manager log level set to [2]
System.Reflection.TargetInvocationException: Exception has been thrown by the target of an invocation. ---> System.NullReferenceException: Object reference not set to an instance of an object
  at Unity.XR.Oculus.OculusLoader.AssetPathToAbsolutePath (System.String assetPath) [0x0003d] in D:\Mashed-Potatoes\Mashed Potatoes\Library\PackageCache\com.unity.xr.oculus@3.0.2\Runtime\OculusLoader.cs:271 
  at Unity.XR.Oculus.OculusLoader.EditorLoadOVRPlugin () [0x0007b] in D:\Mashed-Potatoes\Mashed Potatoes\Library\PackageCache\com.unity.xr.oculus@3.0.2\Runtime\OculusLoader.cs:256 
  at (wrapper managed-to-native) System.Reflection.RuntimeMethodInfo.InternalInvoke(System.Reflection.RuntimeMethodInfo,object,object[],System.Exception&)
  at System.Reflection.RuntimeMethodInfo.Invoke (System.Object obj, System.Reflection.BindingFlags invokeAttr, System.Reflection.Binder binder, System.Object[] parameters, System.Globalization.CultureInfo culture) [0x0006a] in <9aad1b3a47484d63ba2b3985692d80e9>:0 
   --- End of inner exception stack trace ---
  at System.Reflection.RuntimeMethodInfo.Invoke (System.Object obj, System.Reflection.BindingFlags invokeAttr, System.Reflection.Binder binder, System.Object[] parameters, System.Globalization.CultureInfo culture) [0x00083] in <9aad1b3a47484d63ba2b3985692d80e9>:0 
  at System.Reflection.MethodBase.Invoke (System.Object obj, System.Object[] parameters) [0x00000] in <9aad1b3a47484d63ba2b3985692d80e9>:0 
  at UnityEditor.EditorAssemblies.ProcessInitializeOnLoadMethodAttributes () [0x000a5] in <0d6ce211ebbc47e1a35a84c3672ff58f>:0 
UnityEngine.StackTraceUtility:ExtractStackTrace ()
UnityEngine.DebugLogHandler:LogFormat (UnityEngine.LogType,UnityEngine.Object,string,object[])
UnityEngine.Logger:Log (UnityEngine.LogType,object)
UnityEngine.Debug:LogError (object)
UnityEditor.EditorAssemblies:ProcessInitializeOnLoadMethodAttributes ()

Mono: successfully reloaded assembly
- Completed reload, in  4.918 seconds
Domain Reload Profiling:
	ReloadAssembly (4919ms)
		BeginReloadAssembly (674ms)
			ExecutionOrderSort (0ms)
			DisableScriptedObjects (19ms)
			BackupInstance (0ms)
			ReleaseScriptingObjects (0ms)
			CreateAndSetChildDomain (205ms)
		EndReloadAssembly (3754ms)
			LoadAssemblies (569ms)
			RebuildTransferFunctionScriptingTraits (0ms)
			SetupTypeCache (1216ms)
			ReleaseScriptCaches (3ms)
			RebuildScriptCaches (274ms)
			SetupLoadedEditorAssemblies (1665ms)
				LogAssemblyErrors (0ms)
				InitializePlatformSupportModulesInManaged (64ms)
				SetLoadedEditorAssemblies (0ms)
				RefreshPlugins (306ms)
				BeforeProcessingInitializeOnLoad (266ms)
				ProcessInitializeOnLoadAttributes (913ms)
				ProcessInitializeOnLoadMethodAttributes (109ms)
				AfterProcessingInitializeOnLoad (5ms)
				EditorAssembliesLoaded (1ms)
			ExecutionOrderSort2 (0ms)
			AwakeInstancesAfterBackupRestoration (25ms)
Platform modules already initialized, skipping
========================================================================
Worker process is ready to serve import requests
Launched and connected shader compiler UnityShaderCompiler.exe after 0.12 seconds
Refreshing native plugins compatible for Editor in 6.09 ms, found 14 plugins.
Preloading 1 native plugins for Editor in 0.15 ms.
Unloading 4627 Unused Serialized files (Serialized files now loaded: 0)
Unloading 51 unused Assets / (111.5 KB). Loaded Objects now: 5072.
Memory consumption went from 162.1 MB to 162.0 MB.
Total: 60.887200 ms (FindLiveObjects: 1.656200 ms CreateObjectMapping: 1.980700 ms MarkObjects: 55.717700 ms  DeleteObjects: 1.530300 ms)

AssetImportParameters requested are different than current active one (requested -> active):
  custom:video-decoder-ogg-theora: a1e56fd34408186e4bbccfd4996cb3dc -> 
  custom:container-muxer-webm: aa71ff27fc2769a1b78a27578f13a17b -> 
  custom:container-demuxer-webm: 4f35f7cbe854078d1ac9338744f61a02 -> 
  custom:video-encoder-webm-vp8: eb34c28f22e8b96e1ab97ce403110664 -> 
  custom:audio-encoder-webm-vorbis: bf7c407c2cedff20999df2af8eb42d56 -> 
  custom:framework-win-MediaFoundation: 216162199b28c13a410421893ffa2e32 -> 
  custom:container-demuxer-ogg: 62fdf1f143b41e24485cea50d1cbac27 -> 
  custom:video-decoder-webm-vp8: 9c59270c3fd7afecdb556c50c9e8de78 -> 
  custom:audio-decoder-ogg-vorbis: bf7c407c2cedff20999df2af8eb42d56 -> 
========================================================================
Received Import Request.
  Time since last request: 352084.540845 seconds.
  path: Assets/SteamVR/InteractionSystem/Core/Scripts/GrabTypes.cs
  artifactKey: Guid(99eaa65760d05f74b811106b4945924e) Importer(815301076,1909f56bfc062723c751e8b465ee728b)
Start importing Assets/SteamVR/InteractionSystem/Core/Scripts/GrabTypes.cs using Guid(99eaa65760d05f74b811106b4945924e) Importer(815301076,1909f56bfc062723c751e8b465ee728b)  -> (artifact id: '060b18e9b2f3c8c717f2b12f114fa23a') in 0.126076 seconds 
========================================================================
Received Import Request.
  Time since last request: 3.501146 seconds.
  path: Assets/SteamVR/InteractionSystem/Core/Scripts/ModalThrowable.cs
  artifactKey: Guid(d9172bbb2e6dd7e4a86c0d1ea19b7e49) Importer(815301076,1909f56bfc062723c751e8b465ee728b)
Start importing Assets/SteamVR/InteractionSystem/Core/Scripts/ModalThrowable.cs using Guid(d9172bbb2e6dd7e4a86c0d1ea19b7e49) Importer(815301076,1909f56bfc062723c751e8b465ee728b)  -> (artifact id: '278af1f08d0ef5686d9c4f5e6fbd0018') in 0.009478 seconds 
========================================================================
Received Import Request.
  Time since last request: 0.639702 seconds.
  path: Assets/SteamVR/InteractionSystem/Core/Scripts/Player.cs
  artifactKey: Guid(202a6e24b48d1684398409c47161adcb) Importer(815301076,1909f56bfc062723c751e8b465ee728b)
Start importing Assets/SteamVR/InteractionSystem/Core/Scripts/Player.cs using Guid(202a6e24b48d1684398409c47161adcb) Importer(815301076,1909f56bfc062723c751e8b465ee728b)  -> (artifact id: '80624dd65342abd8918ac7aa64509614') in 0.011481 seconds 
========================================================================
Received Import Request.
  Time since last request: 130.216713 seconds.
  path: Assets/SteamVR/InteractionSystem/Core/Scripts/LinearMapping.cs
  artifactKey: Guid(46f8e9e70f68ee3418ad85992778c116) Importer(815301076,1909f56bfc062723c751e8b465ee728b)
Start importing Assets/SteamVR/InteractionSystem/Core/Scripts/LinearMapping.cs using Guid(46f8e9e70f68ee3418ad85992778c116) Importer(815301076,1909f56bfc062723c751e8b465ee728b)  -> (artifact id: '42eebf2674d8917eb5c68146d8f0a59b') in 0.012528 seconds 
========================================================================
Received Import Request.
  Time since last request: 10.140196 seconds.
  path: Assets/SteamVR/InteractionSystem/Core/Scripts/Equippable.cs
  artifactKey: Guid(ecd73422fbc4be54a9f4d8f3972f8579) Importer(815301076,1909f56bfc062723c751e8b465ee728b)
Start importing Assets/SteamVR/InteractionSystem/Core/Scripts/Equippable.cs using Guid(ecd73422fbc4be54a9f4d8f3972f8579) Importer(815301076,1909f56bfc062723c751e8b465ee728b)  -> (artifact id: 'f95f6a19f346da9ced419c92ea449160') in 0.009603 seconds 
========================================================================
Received Import Request.
  Time since last request: 16.302634 seconds.
  path: Assets/SteamVR/InteractionSystem/Core/Scripts/Interactable.cs
  artifactKey: Guid(b93b6a877adcbf94c89a9d6e0c0e844d) Importer(815301076,1909f56bfc062723c751e8b465ee728b)
Start importing Assets/SteamVR/InteractionSystem/Core/Scripts/Interactable.cs using Guid(b93b6a877adcbf94c89a9d6e0c0e844d) Importer(815301076,1909f56bfc062723c751e8b465ee728b)  -> (artifact id: 'e36b2bb2c7f60df8c900d37fe65411de') in 0.008557 seconds 
========================================================================
Received Import Request.
  Time since last request: 2.510810 seconds.
  path: Assets/SteamVR/InteractionSystem/Core/Scripts/InteractableDebug.cs
  artifactKey: Guid(78549ac336d4d37418a4d4e0d981f91f) Importer(815301076,1909f56bfc062723c751e8b465ee728b)
Start importing Assets/SteamVR/InteractionSystem/Core/Scripts/InteractableDebug.cs using Guid(78549ac336d4d37418a4d4e0d981f91f) Importer(815301076,1909f56bfc062723c751e8b465ee728b)  -> (artifact id: 'a2ed174a0764c01c2bd33e1422a49dc4') in 0.010628 seconds 
========================================================================
Received Import Request.
  Time since last request: 0.686672 seconds.
  path: Assets/SteamVR/InteractionSystem/Core/Scripts/InteractableHoverEvents.cs
  artifactKey: Guid(c4153b26428ccf041950b92c057812a3) Importer(815301076,1909f56bfc062723c751e8b465ee728b)
Start importing Assets/SteamVR/InteractionSystem/Core/Scripts/InteractableHoverEvents.cs using Guid(c4153b26428ccf041950b92c057812a3) Importer(815301076,1909f56bfc062723c751e8b465ee728b)  -> (artifact id: '45f034dc72abbaa0e6fb4fd42ecac2fb') in 0.012522 seconds 
========================================================================
Received Import Request.
  Time since last request: 1.290362 seconds.
  path: Assets/SteamVR/InteractionSystem/Core/Scripts/InputModule.cs
  artifactKey: Guid(c9e05292e0d62b542ac5bba92674a86d) Importer(815301076,1909f56bfc062723c751e8b465ee728b)
Start importing Assets/SteamVR/InteractionSystem/Core/Scripts/InputModule.cs using Guid(c9e05292e0d62b542ac5bba92674a86d) Importer(815301076,1909f56bfc062723c751e8b465ee728b)  -> (artifact id: '2ac7a84da9eabce1640a13f2908dafaa') in 0.010472 seconds 
========================================================================
Received Import Request.
  Time since last request: 44.919766 seconds.
  path: Assets/SteamVR/InteractionSystem/Longbow/Materials/ItemPickupOutline.mat
  artifactKey: Guid(3d938759d8b7a414988ec3261fb5265d) Importer(815301076,1909f56bfc062723c751e8b465ee728b)
Start importing Assets/SteamVR/InteractionSystem/Longbow/Materials/ItemPickupOutline.mat using Guid(3d938759d8b7a414988ec3261fb5265d) Importer(815301076,1909f56bfc062723c751e8b465ee728b)  -> (artifact id: '0b7b4112deb830e54c162c0586be1183') in 0.292406 seconds 
========================================================================
Received Import Request.
  Time since last request: 3.224679 seconds.
  path: Assets/XR/Settings/Open XR Package Settings.asset
  artifactKey: Guid(a9a6963505ddf7f4d886008c6dc86122) Importer(815301076,1909f56bfc062723c751e8b465ee728b)
Start importing Assets/XR/Settings/Open XR Package Settings.asset using Guid(a9a6963505ddf7f4d886008c6dc86122) Importer(815301076,1909f56bfc062723c751e8b465ee728b)  -> (artifact id: '8b250575580abe943a001017e735caa0') in 0.027476 seconds 
========================================================================
Received Import Request.
  Time since last request: 0.000032 seconds.
  path: Assets/SteamVR/InteractionSystem/Teleport/Sounds/TeleportPointerLoop.wav
  artifactKey: Guid(47b5e90896f0e004c85bebd26e6057e2) Importer(815301076,1909f56bfc062723c751e8b465ee728b)
Start importing Assets/SteamVR/InteractionSystem/Teleport/Sounds/TeleportPointerLoop.wav using Guid(47b5e90896f0e004c85bebd26e6057e2) Importer(815301076,1909f56bfc062723c751e8b465ee728b)  -> (artifact id: 'c01d0526a4d1ad4297349be4fb0edb9c') in 0.155680 seconds 
========================================================================
Received Import Request.
  Time since last request: 0.000029 seconds.
  path: Assets/SteamVR/InteractionSystem/Core/Icons/vr_interaction_system_unknown_hand.png
  artifactKey: Guid(77b322b27d7d39f4d91e479d19065d50) Importer(815301076,1909f56bfc062723c751e8b465ee728b)
Start importing Assets/SteamVR/InteractionSystem/Core/Icons/vr_interaction_system_unknown_hand.png using Guid(77b322b27d7d39f4d91e479d19065d50) Importer(815301076,1909f56bfc062723c751e8b465ee728b)  -> (artifact id: '913b52afce6b760fac7bab1434723239') in 0.041036 seconds 
========================================================================
Received Import Request.
  Time since last request: 0.000051 seconds.
  path: Assets/SteamVR/InteractionSystem/Core/Icons/vr_interaction_system_left_hand_question.png
  artifactKey: Guid(6789d499b24f8964c8bb06e21008e546) Importer(815301076,1909f56bfc062723c751e8b465ee728b)
Start importing Assets/SteamVR/InteractionSystem/Core/Icons/vr_interaction_system_left_hand_question.png using Guid(6789d499b24f8964c8bb06e21008e546) Importer(815301076,1909f56bfc062723c751e8b465ee728b)  -> (artifact id: 'af285e9057e730a80671a8aba83968ed') in 0.030432 seconds 
========================================================================
Received Import Request.
  Time since last request: 0.000030 seconds.
  path: Assets/SteamVR/InteractionSystem/Teleport/Materials URP/URPTeleportPointer.mat
  artifactKey: Guid(da2a09186fc8dfa4c9f1c2933159f94f) Importer(815301076,1909f56bfc062723c751e8b465ee728b)
Start importing Assets/SteamVR/InteractionSystem/Teleport/Materials URP/URPTeleportPointer.mat using Guid(da2a09186fc8dfa4c9f1c2933159f94f) Importer(815301076,1909f56bfc062723c751e8b465ee728b)  -> (artifact id: 'ed6ce0def79fa61b64172f480cbe17e4') in 0.025132 seconds 
========================================================================
Received Import Request.
  Time since last request: 13.770565 seconds.
  path: Assets/SteamVR/InteractionSystem/Samples/Scripts/InteractableExample.cs
  artifactKey: Guid(8bb563c4e716d2c4181e187d9be248db) Importer(815301076,1909f56bfc062723c751e8b465ee728b)
Start importing Assets/SteamVR/InteractionSystem/Samples/Scripts/InteractableExample.cs using Guid(8bb563c4e716d2c4181e187d9be248db) Importer(815301076,1909f56bfc062723c751e8b465ee728b)  -> (artifact id: '4bac66c621915aa952facfc2c8ad94a7') in 0.008903 seconds 
========================================================================
Received Import Request.
  Time since last request: 74.932029 seconds.
  path: Assets/SteamVR/InteractionSystem/Core/Scripts/BodyCollider.cs
  artifactKey: Guid(1731d642c0b250b48bb8cdfb153d9792) Importer(815301076,1909f56bfc062723c751e8b465ee728b)
Start importing Assets/SteamVR/InteractionSystem/Core/Scripts/BodyCollider.cs using Guid(1731d642c0b250b48bb8cdfb153d9792) Importer(815301076,1909f56bfc062723c751e8b465ee728b)  -> (artifact id: '0b77be7ec3e08c33734bcd931634c0d9') in 0.008869 seconds 
========================================================================
Received Import Request.
  Time since last request: 3.988531 seconds.
  path: Assets/SteamVR/InteractionSystem/Core/Scripts/CircularDrive.cs
  artifactKey: Guid(1f32883eed859804dbb0c5fedac91496) Importer(815301076,1909f56bfc062723c751e8b465ee728b)
Start importing Assets/SteamVR/InteractionSystem/Core/Scripts/CircularDrive.cs using Guid(1f32883eed859804dbb0c5fedac91496) Importer(815301076,1909f56bfc062723c751e8b465ee728b)  -> (artifact id: 'ac31d4e692d23f5f82c576a6d110e0ce') in 0.018052 seconds 
========================================================================
Received Import Request.
  Time since last request: 3.758201 seconds.
  path: Assets/SteamVR/InteractionSystem/Core/Scripts/ComplexThrowable.cs
  artifactKey: Guid(ad77666522338cf49ba83b80b25e6476) Importer(815301076,1909f56bfc062723c751e8b465ee728b)
Start importing Assets/SteamVR/InteractionSystem/Core/Scripts/ComplexThrowable.cs using Guid(ad77666522338cf49ba83b80b25e6476) Importer(815301076,1909f56bfc062723c751e8b465ee728b)  -> (artifact id: '33815ab7b25f7d2725dc5309050afaa5') in 0.007506 seconds 
========================================================================
Received Import Request.
  Time since last request: 31.898491 seconds.
  path: Assets/SteamVR/InteractionSystem/Core/Scripts/CustomEvents.cs
  artifactKey: Guid(5f3294e06115d0047a2ac7659a11b168) Importer(815301076,1909f56bfc062723c751e8b465ee728b)
Start importing Assets/SteamVR/InteractionSystem/Core/Scripts/CustomEvents.cs using Guid(5f3294e06115d0047a2ac7659a11b168) Importer(815301076,1909f56bfc062723c751e8b465ee728b)  -> (artifact id: '4284bf09a263396977f3c6258095b8e8') in 0.011873 seconds 
========================================================================
Received Import Request.
  Time since last request: 12.831830 seconds.
  path: Assets/SteamVR/InteractionSystem/Core/Scripts/DebugUI.cs
  artifactKey: Guid(6f3bba2c36dd79242b3157dbcd876bf2) Importer(815301076,1909f56bfc062723c751e8b465ee728b)
Start importing Assets/SteamVR/InteractionSystem/Core/Scripts/DebugUI.cs using Guid(6f3bba2c36dd79242b3157dbcd876bf2) Importer(815301076,1909f56bfc062723c751e8b465ee728b)  -> (artifact id: 'ac20f40c53574173a5cbea65e7bb813f') in 0.010711 seconds 
========================================================================
Received Import Request.
  Time since last request: 0.579921 seconds.
  path: Assets/SteamVR/InteractionSystem/Core/Scripts/DestroyOnDetachedFromHand.cs
  artifactKey: Guid(5240357a2468cdc4291b266bee3cb9b9) Importer(815301076,1909f56bfc062723c751e8b465ee728b)
Start importing Assets/SteamVR/InteractionSystem/Core/Scripts/DestroyOnDetachedFromHand.cs using Guid(5240357a2468cdc4291b266bee3cb9b9) Importer(815301076,1909f56bfc062723c751e8b465ee728b)  -> (artifact id: 'ebf8124edc8535cd419538ec99a424cb') in 0.011495 seconds 
========================================================================
Received Import Request.
  Time since last request: 1.900498 seconds.
  path: Assets/SteamVR/InteractionSystem/Core/Scripts/DestroyOnParticleSystemDeath.cs
  artifactKey: Guid(69cad530c565c714491a326c21accb90) Importer(815301076,1909f56bfc062723c751e8b465ee728b)
Start importing Assets/SteamVR/InteractionSystem/Core/Scripts/DestroyOnParticleSystemDeath.cs using Guid(69cad530c565c714491a326c21accb90) Importer(815301076,1909f56bfc062723c751e8b465ee728b)  -> (artifact id: 'e8f4318a2ac32fdfb4dcc40cf468d747') in 0.006480 seconds 
========================================================================
Received Import Request.
  Time since last request: 1.223518 seconds.
  path: Assets/SteamVR/InteractionSystem/Core/Scripts/DestroyOnTriggerEnter.cs
  artifactKey: Guid(7ba84888c9d4c504cb752a3904551a6c) Importer(815301076,1909f56bfc062723c751e8b465ee728b)
Start importing Assets/SteamVR/InteractionSystem/Core/Scripts/DestroyOnTriggerEnter.cs using Guid(7ba84888c9d4c504cb752a3904551a6c) Importer(815301076,1909f56bfc062723c751e8b465ee728b)  -> (artifact id: '881ef1bc7c54df0418e125f5f0c4057b') in 0.010329 seconds 
========================================================================
Received Import Request.
  Time since last request: 1.763949 seconds.
  path: Assets/SteamVR/InteractionSystem/Core/Scripts/DistanceHaptics.cs
  artifactKey: Guid(65ef702aaa09d3f46a75659678b1a711) Importer(815301076,1909f56bfc062723c751e8b465ee728b)
Start importing Assets/SteamVR/InteractionSystem/Core/Scripts/DistanceHaptics.cs using Guid(65ef702aaa09d3f46a75659678b1a711) Importer(815301076,1909f56bfc062723c751e8b465ee728b)  -> (artifact id: 'e942c7fb6f6247c295969ad674a88215') in 0.008187 seconds 
========================================================================
Received Import Request.
  Time since last request: 2.696228 seconds.
  path: Assets/SteamVR/InteractionSystem/Core/Scripts/DontDestroyOnLoad.cs
  artifactKey: Guid(4d1c07a6449b0ca439ee6fac5f6f7d83) Importer(815301076,1909f56bfc062723c751e8b465ee728b)
Start importing Assets/SteamVR/InteractionSystem/Core/Scripts/DontDestroyOnLoad.cs using Guid(4d1c07a6449b0ca439ee6fac5f6f7d83) Importer(815301076,1909f56bfc062723c751e8b465ee728b)  -> (artifact id: '81b53d6b7163c484f3f74e6e43bfab4e') in 0.012053 seconds 
========================================================================
Received Import Request.
  Time since last request: 0.762264 seconds.
  path: Assets/SteamVR/InteractionSystem/Core/Scripts/EnumFlags.cs
  artifactKey: Guid(88a2ccbdad9948c45b28f5e63902705b) Importer(815301076,1909f56bfc062723c751e8b465ee728b)
Start importing Assets/SteamVR/InteractionSystem/Core/Scripts/EnumFlags.cs using Guid(88a2ccbdad9948c45b28f5e63902705b) Importer(815301076,1909f56bfc062723c751e8b465ee728b)  -> (artifact id: 'bfc3b4c7a21790697e0a98c9f4370ca1') in 0.012391 seconds 
========================================================================
Received Import Request.
  Time since last request: 266.070498 seconds.
  path: Assets/New Material.mat
  artifactKey: Guid(ab9eb380187c7024890f3b03f38da554) Importer(815301076,1909f56bfc062723c751e8b465ee728b)
Start importing Assets/New Material.mat using Guid(ab9eb380187c7024890f3b03f38da554) Importer(815301076,1909f56bfc062723c751e8b465ee728b)  -> (artifact id: 'fa2188d30ceedfca81f9d84d25297e79') in 0.037494 seconds 
========================================================================
Received Prepare
Registering precompiled user dll's ...
Registered in 0.009235 seconds.
Begin MonoManager ReloadAssembly
Native extension for WindowsStandalone target not found
Native extension for Android target not found
Refreshing native plugins compatible for Editor in 4.23 ms, found 14 plugins.
Preloading 1 native plugins for Editor in 0.09 ms.
System.Reflection.TargetInvocationException: Exception has been thrown by the target of an invocation. ---> System.NullReferenceException: Object reference not set to an instance of an object
  at Unity.XR.Oculus.OculusLoader.AssetPathToAbsolutePath (System.String assetPath) [0x0003d] in D:\Mashed-Potatoes\Mashed Potatoes\Library\PackageCache\com.unity.xr.oculus@3.0.2\Runtime\OculusLoader.cs:271 
  at Unity.XR.Oculus.OculusLoader.EditorLoadOVRPlugin () [0x0007b] in D:\Mashed-Potatoes\Mashed Potatoes\Library\PackageCache\com.unity.xr.oculus@3.0.2\Runtime\OculusLoader.cs:256 
  at (wrapper managed-to-native) System.Reflection.RuntimeMethodInfo.InternalInvoke(System.Reflection.RuntimeMethodInfo,object,object[],System.Exception&)
  at System.Reflection.RuntimeMethodInfo.Invoke (System.Object obj, System.Reflection.BindingFlags invokeAttr, System.Reflection.Binder binder, System.Object[] parameters, System.Globalization.CultureInfo culture) [0x0006a] in <9aad1b3a47484d63ba2b3985692d80e9>:0 
   --- End of inner exception stack trace ---
  at System.Reflection.RuntimeMethodInfo.Invoke (System.Object obj, System.Reflection.BindingFlags invokeAttr, System.Reflection.Binder binder, System.Object[] parameters, System.Globalization.CultureInfo culture) [0x00083] in <9aad1b3a47484d63ba2b3985692d80e9>:0 
  at System.Reflection.MethodBase.Invoke (System.Object obj, System.Object[] parameters) [0x00000] in <9aad1b3a47484d63ba2b3985692d80e9>:0 
  at UnityEditor.EditorAssemblies.ProcessInitializeOnLoadMethodAttributes () [0x000a5] in <0d6ce211ebbc47e1a35a84c3672ff58f>:0 
UnityEngine.StackTraceUtility:ExtractStackTrace ()
UnityEngine.DebugLogHandler:LogFormat (UnityEngine.LogType,UnityEngine.Object,string,object[])
UnityEngine.Logger:Log (UnityEngine.LogType,object)
UnityEngine.Debug:LogError (object)
UnityEditor.EditorAssemblies:ProcessInitializeOnLoadMethodAttributes ()

Mono: successfully reloaded assembly
- Completed reload, in  2.060 seconds
Domain Reload Profiling:
	ReloadAssembly (2062ms)
		BeginReloadAssembly (297ms)
			ExecutionOrderSort (0ms)
			DisableScriptedObjects (19ms)
			BackupInstance (0ms)
			ReleaseScriptingObjects (0ms)
			CreateAndSetChildDomain (90ms)
		EndReloadAssembly (1607ms)
			LoadAssemblies (156ms)
			RebuildTransferFunctionScriptingTraits (0ms)
			SetupTypeCache (487ms)
			ReleaseScriptCaches (2ms)
			RebuildScriptCaches (70ms)
			SetupLoadedEditorAssemblies (725ms)
				LogAssemblyErrors (0ms)
				InitializePlatformSupportModulesInManaged (63ms)
				SetLoadedEditorAssemblies (2ms)
				RefreshPlugins (4ms)
				BeforeProcessingInitializeOnLoad (122ms)
				ProcessInitializeOnLoadAttributes (475ms)
				ProcessInitializeOnLoadMethodAttributes (55ms)
				AfterProcessingInitializeOnLoad (5ms)
				EditorAssembliesLoaded (0ms)
			ExecutionOrderSort2 (0ms)
			AwakeInstancesAfterBackupRestoration (14ms)
Platform modules already initialized, skipping
Refreshing native plugins compatible for Editor in 6.15 ms, found 14 plugins.
Preloading 1 native plugins for Editor in 0.10 ms.
Unloading 4585 Unused Serialized files (Serialized files now loaded: 0)
Unloading 41 unused Assets / (79.1 KB). Loaded Objects now: 5120.
Memory consumption went from 164.7 MB to 164.6 MB.
Total: 6.342400 ms (FindLiveObjects: 0.607300 ms CreateObjectMapping: 0.356600 ms MarkObjects: 5.139800 ms  DeleteObjects: 0.237500 ms)

AssetImportParameters requested are different than current active one (requested -> active):
  custom:video-decoder-ogg-theora: a1e56fd34408186e4bbccfd4996cb3dc -> 
  custom:container-muxer-webm: aa71ff27fc2769a1b78a27578f13a17b -> 
  custom:container-demuxer-webm: 4f35f7cbe854078d1ac9338744f61a02 -> 
  custom:video-encoder-webm-vp8: eb34c28f22e8b96e1ab97ce403110664 -> 
  custom:audio-encoder-webm-vorbis: bf7c407c2cedff20999df2af8eb42d56 -> 
  custom:framework-win-MediaFoundation: 216162199b28c13a410421893ffa2e32 -> 
  custom:container-demuxer-ogg: 62fdf1f143b41e24485cea50d1cbac27 -> 
  custom:video-decoder-webm-vp8: 9c59270c3fd7afecdb556c50c9e8de78 -> 
  custom:audio-decoder-ogg-vorbis: bf7c407c2cedff20999df2af8eb42d56 -> 
========================================================================
Received Import Request.
  Time since last request: 1075.633363 seconds.
  path: Assets/SteamVR/InteractionSystem/Core/Scripts/HoverButton.cs
  artifactKey: Guid(2c0e35ef0cc211b408d2d7e7eb0f850d) Importer(815301076,1909f56bfc062723c751e8b465ee728b)
Start importing Assets/SteamVR/InteractionSystem/Core/Scripts/HoverButton.cs using Guid(2c0e35ef0cc211b408d2d7e7eb0f850d) Importer(815301076,1909f56bfc062723c751e8b465ee728b)  -> (artifact id: '900dc939ee8539648b6ab784e32b9434') in 0.043360 seconds 
========================================================================
Received Import Request.
  Time since last request: 0.805985 seconds.
  path: Assets/SteamVR/InteractionSystem/Core/Scripts/IgnoreHovering.cs
  artifactKey: Guid(f5a1be5da1c87864582d778e52de4e9b) Importer(815301076,1909f56bfc062723c751e8b465ee728b)
Start importing Assets/SteamVR/InteractionSystem/Core/Scripts/IgnoreHovering.cs using Guid(f5a1be5da1c87864582d778e52de4e9b) Importer(815301076,1909f56bfc062723c751e8b465ee728b)  -> (artifact id: '5e73eff20050227161b81747d62e7096') in 0.012500 seconds 
========================================================================
Received Import Request.
  Time since last request: 5.114820 seconds.
  path: Assets/SteamVR/InteractionSystem/Core/Scripts/ItemPackage.cs
  artifactKey: Guid(c9f83db71b9a6764abf964ab7679f035) Importer(815301076,1909f56bfc062723c751e8b465ee728b)
Start importing Assets/SteamVR/InteractionSystem/Core/Scripts/ItemPackage.cs using Guid(c9f83db71b9a6764abf964ab7679f035) Importer(815301076,1909f56bfc062723c751e8b465ee728b)  -> (artifact id: '09e0155d3376ff637dcd53d6c1f4fe9e') in 0.011322 seconds 
========================================================================
Received Import Request.
  Time since last request: 0.450055 seconds.
  path: Assets/SteamVR/InteractionSystem/Core/Scripts/ItemPackageReference.cs
  artifactKey: Guid(57468e6cbae21894fa42c90413c294ff) Importer(815301076,1909f56bfc062723c751e8b465ee728b)
Start importing Assets/SteamVR/InteractionSystem/Core/Scripts/ItemPackageReference.cs using Guid(57468e6cbae21894fa42c90413c294ff) Importer(815301076,1909f56bfc062723c751e8b465ee728b)  -> (artifact id: '3423354c6520279b396373ae0e7637ed') in 0.011587 seconds 
========================================================================
Received Import Request.
  Time since last request: 0.435528 seconds.
  path: Assets/SteamVR/InteractionSystem/Core/Scripts/ItemPackageSpawner.cs
  artifactKey: Guid(43e53a985809f0949b9a42cc2a6888c9) Importer(815301076,1909f56bfc062723c751e8b465ee728b)
Start importing Assets/SteamVR/InteractionSystem/Core/Scripts/ItemPackageSpawner.cs using Guid(43e53a985809f0949b9a42cc2a6888c9) Importer(815301076,1909f56bfc062723c751e8b465ee728b)  -> (artifact id: 'bd3a7ba5193c8cbdd90e25459dc43863') in 0.007552 seconds 
========================================================================
Received Import Request.
  Time since last request: 1.089389 seconds.
  path: Assets/SteamVR/InteractionSystem/Core/Scripts/LinearAnimation.cs
  artifactKey: Guid(49a60120b932b59409171f5ff611b639) Importer(815301076,1909f56bfc062723c751e8b465ee728b)
Start importing Assets/SteamVR/InteractionSystem/Core/Scripts/LinearAnimation.cs using Guid(49a60120b932b59409171f5ff611b639) Importer(815301076,1909f56bfc062723c751e8b465ee728b)  -> (artifact id: 'a6cd607f1fc1a3a36369c69a0746ce00') in 0.007428 seconds 
========================================================================
Received Import Request.
  Time since last request: 2.802292 seconds.
  path: Assets/SteamVR/InteractionSystem/Core/Scripts/RenderModel.cs
  artifactKey: Guid(847a4fd831847974bb8d16b469b643e3) Importer(815301076,1909f56bfc062723c751e8b465ee728b)
Start importing Assets/SteamVR/InteractionSystem/Core/Scripts/RenderModel.cs using Guid(847a4fd831847974bb8d16b469b643e3) Importer(815301076,1909f56bfc062723c751e8b465ee728b)  -> (artifact id: '1a3103af2ff676f7f79090d549f25f92') in 0.011280 seconds 
========================================================================
Received Import Request.
  Time since last request: 3.671847 seconds.
  path: Assets/SteamVR/InteractionSystem/Core/Scripts/SpawnAndAttachAfterControllerIsTracking.cs
  artifactKey: Guid(6ad167161b0bf8e4d9c038db358e0a28) Importer(815301076,1909f56bfc062723c751e8b465ee728b)
Start importing Assets/SteamVR/InteractionSystem/Core/Scripts/SpawnAndAttachAfterControllerIsTracking.cs using Guid(6ad167161b0bf8e4d9c038db358e0a28) Importer(815301076,1909f56bfc062723c751e8b465ee728b)  -> (artifact id: '215b3419b73d9a0dd7ad668c8c0e1d25') in 0.012140 seconds 
========================================================================
Received Import Request.
  Time since last request: 1.386039 seconds.
  path: Assets/SteamVR/InteractionSystem/Core/Scripts/SpawnAndAttachToHand.cs
  artifactKey: Guid(f4a03a51c550b92478a559cf694ce118) Importer(815301076,1909f56bfc062723c751e8b465ee728b)
Start importing Assets/SteamVR/InteractionSystem/Core/Scripts/SpawnAndAttachToHand.cs using Guid(f4a03a51c550b92478a559cf694ce118) Importer(815301076,1909f56bfc062723c751e8b465ee728b)  -> (artifact id: '522294c8b90fc435f659818ec3a5385d') in 0.011373 seconds 
========================================================================
Received Import Request.
  Time since last request: 0.779309 seconds.
  path: Assets/SteamVR/InteractionSystem/Core/Scripts/Throwable.cs
  artifactKey: Guid(ffefbea063cab884ca33e5a449e5c22c) Importer(815301076,1909f56bfc062723c751e8b465ee728b)
Start importing Assets/SteamVR/InteractionSystem/Core/Scripts/Throwable.cs using Guid(ffefbea063cab884ca33e5a449e5c22c) Importer(815301076,1909f56bfc062723c751e8b465ee728b)  -> (artifact id: '026a3d9f75bba4bdd4b1370da19570d7') in 0.008189 seconds 
========================================================================
Received Import Request.
  Time since last request: 4.167023 seconds.
  path: Assets/SteamVR/InteractionSystem/Core/Scripts/VelocityEstimator.cs
  artifactKey: Guid(783750eec4c41da428b7651515146d14) Importer(815301076,1909f56bfc062723c751e8b465ee728b)
Start importing Assets/SteamVR/InteractionSystem/Core/Scripts/VelocityEstimator.cs using Guid(783750eec4c41da428b7651515146d14) Importer(815301076,1909f56bfc062723c751e8b465ee728b)  -> (artifact id: 'e8ddd39dfdd178b51511a71cf06336af') in 0.008858 seconds 
========================================================================
Received Import Request.
  Time since last request: 0.489715 seconds.
  path: Assets/SteamVR/InteractionSystem/Core/Scripts/SleepOnAwake.cs
  artifactKey: Guid(0584375ad2f33ef4da0b276de8507487) Importer(815301076,1909f56bfc062723c751e8b465ee728b)
Start importing Assets/SteamVR/InteractionSystem/Core/Scripts/SleepOnAwake.cs using Guid(0584375ad2f33ef4da0b276de8507487) Importer(815301076,1909f56bfc062723c751e8b465ee728b)  -> (artifact id: '6f1fecf8f826d0fb3393f133434329ba') in 0.009909 seconds 
========================================================================
Received Import Request.
  Time since last request: 0.860818 seconds.
  path: Assets/SteamVR/InteractionSystem/Core/Scripts/SoundDeparent.cs
  artifactKey: Guid(f53662f45a4454944a06629fec9c941e) Importer(815301076,1909f56bfc062723c751e8b465ee728b)
Start importing Assets/SteamVR/InteractionSystem/Core/Scripts/SoundDeparent.cs using Guid(f53662f45a4454944a06629fec9c941e) Importer(815301076,1909f56bfc062723c751e8b465ee728b)  -> (artifact id: '731be1fcc49ed19f1aa9d38fb1405fa5') in 0.007043 seconds 
========================================================================
Received Import Request.
  Time since last request: 1.333525 seconds.
  path: Assets/SteamVR/InteractionSystem/Core/Scripts/SeeThru.cs
  artifactKey: Guid(7d623a50b67320940b97e93e31d0a21b) Importer(815301076,1909f56bfc062723c751e8b465ee728b)
Start importing Assets/SteamVR/InteractionSystem/Core/Scripts/SeeThru.cs using Guid(7d623a50b67320940b97e93e31d0a21b) Importer(815301076,1909f56bfc062723c751e8b465ee728b)  -> (artifact id: '2af72023aee8c078af0b63d856792347') in 0.008135 seconds 
========================================================================
Received Import Request.
  Time since last request: 0.943168 seconds.
  path: Assets/SteamVR/InteractionSystem/Core/Scripts/LinearDrive.cs
  artifactKey: Guid(8c81a27fd18a29444be92481fe681f4b) Importer(815301076,1909f56bfc062723c751e8b465ee728b)
Start importing Assets/SteamVR/InteractionSystem/Core/Scripts/LinearDrive.cs using Guid(8c81a27fd18a29444be92481fe681f4b) Importer(815301076,1909f56bfc062723c751e8b465ee728b)  -> (artifact id: '1e393411d70f70f43708b0a7a024afba') in 0.008656 seconds 
========================================================================
Received Import Request.
  Time since last request: 13.891358 seconds.
  path: Assets/SteamVR/InteractionSystem/Teleport/Models/TeleportMarker.fbx
  artifactKey: Guid(0e96081d793e1994086123e2505bcc0e) Importer(815301076,1909f56bfc062723c751e8b465ee728b)
Start importing Assets/SteamVR/InteractionSystem/Teleport/Models/TeleportMarker.fbx using Guid(0e96081d793e1994086123e2505bcc0e) Importer(815301076,1909f56bfc062723c751e8b465ee728b)  -> (artifact id: '5a516de52815d0911ec65a610d72ecac') in 0.349800 seconds 
========================================================================
Received Import Request.
  Time since last request: 0.000029 seconds.
  path: Assets/SteamVR/InteractionSystem/Teleport/Sounds/TeleportGoodArea.wav
  artifactKey: Guid(4e2e74504a83fbd438147cfda37cf3d0) Importer(815301076,1909f56bfc062723c751e8b465ee728b)
Start importing Assets/SteamVR/InteractionSystem/Teleport/Sounds/TeleportGoodArea.wav using Guid(4e2e74504a83fbd438147cfda37cf3d0) Importer(815301076,1909f56bfc062723c751e8b465ee728b)  -> (artifact id: '8e87c98c30a1eadc2bd7fb69b6b1c471') in 0.044429 seconds 
========================================================================
Received Import Request.
  Time since last request: 0.000060 seconds.
  path: Assets/SteamVR/InteractionSystem/Teleport/Sounds/TeleportGo.wav
  artifactKey: Guid(e9befd794befe7540ad040be41dba757) Importer(815301076,1909f56bfc062723c751e8b465ee728b)
Start importing Assets/SteamVR/InteractionSystem/Teleport/Sounds/TeleportGo.wav using Guid(e9befd794befe7540ad040be41dba757) Importer(815301076,1909f56bfc062723c751e8b465ee728b)  -> (artifact id: 'a136eedb653529bcebb2eba9e774469d') in 0.045109 seconds 
========================================================================
Received Import Request.
  Time since last request: 0.000029 seconds.
  path: Assets/SteamVR/InteractionSystem/Teleport/Materials/TeleportPlaySpace.mat
  artifactKey: Guid(a1313a5fd0b97df4798c301e337a1eb8) Importer(815301076,1909f56bfc062723c751e8b465ee728b)
Start importing Assets/SteamVR/InteractionSystem/Teleport/Materials/TeleportPlaySpace.mat using Guid(a1313a5fd0b97df4798c301e337a1eb8) Importer(815301076,1909f56bfc062723c751e8b465ee728b)  -> (artifact id: 'b0794f3d73c5fa23848e0e266db937f0') in 0.055470 seconds 
========================================================================
Received Import Request.
  Time since last request: 0.000044 seconds.
  path: Assets/SteamVR/InteractionSystem/Teleport/Models/TeleportDestination.fbx
  artifactKey: Guid(e61c6399d5478fc4bbfbdb7ccc35cca1) Importer(815301076,1909f56bfc062723c751e8b465ee728b)
Start importing Assets/SteamVR/InteractionSystem/Teleport/Models/TeleportDestination.fbx using Guid(e61c6399d5478fc4bbfbdb7ccc35cca1) Importer(815301076,1909f56bfc062723c751e8b465ee728b)  -> (artifact id: '263ed05f13344b52a95793c394d7c41e') in 0.063704 seconds 
========================================================================
Received Import Request.
  Time since last request: 0.000041 seconds.
  path: Assets/SteamVR/InteractionSystem/Teleport/Materials/TeleportAreaVisible.mat
  artifactKey: Guid(417e639b66cd3a24e9c5312be99ce3bd) Importer(815301076,1909f56bfc062723c751e8b465ee728b)
Start importing Assets/SteamVR/InteractionSystem/Teleport/Materials/TeleportAreaVisible.mat using Guid(417e639b66cd3a24e9c5312be99ce3bd) Importer(815301076,1909f56bfc062723c751e8b465ee728b)  -> (artifact id: 'd3e6c77272ced665b5ff97e77ed0dc89') in 0.032901 seconds 
========================================================================
Received Import Request.
  Time since last request: 0.000062 seconds.
  path: Assets/SteamVR/InteractionSystem/Teleport/Materials/TeleportPlayspaceVisualize.mat
  artifactKey: Guid(e070196015a41bc419ea9e03ba170df5) Importer(815301076,1909f56bfc062723c751e8b465ee728b)
Start importing Assets/SteamVR/InteractionSystem/Teleport/Materials/TeleportPlayspaceVisualize.mat using Guid(e070196015a41bc419ea9e03ba170df5) Importer(815301076,1909f56bfc062723c751e8b465ee728b)  -> (artifact id: 'c5c6d4d3e0cfd4810c880009e97e4047') in 0.154061 seconds 
========================================================================
Received Import Request.
  Time since last request: 0.000041 seconds.
  path: Assets/SteamVR/InteractionSystem/Teleport/Sounds/TeleportBadArea.wav
  artifactKey: Guid(aa9e211c83b607f479bd7772eb56a98c) Importer(815301076,1909f56bfc062723c751e8b465ee728b)
Start importing Assets/SteamVR/InteractionSystem/Teleport/Sounds/TeleportBadArea.wav using Guid(aa9e211c83b607f479bd7772eb56a98c) Importer(815301076,1909f56bfc062723c751e8b465ee728b)  -> (artifact id: '221a23840a7938f99593500a5d65c0d3') in 0.032028 seconds 
========================================================================
Received Import Request.
  Time since last request: 0.000036 seconds.
  path: Assets/SteamVR/InteractionSystem/Teleport/Prefabs/Teleporting.prefab
  artifactKey: Guid(7a135b1a2cb9c8f488d4dd00c55ab283) Importer(815301076,1909f56bfc062723c751e8b465ee728b)
Start importing Assets/SteamVR/InteractionSystem/Teleport/Prefabs/Teleporting.prefab using Guid(7a135b1a2cb9c8f488d4dd00c55ab283) Importer(815301076,1909f56bfc062723c751e8b465ee728b)  -> (artifact id: '4f5b89a1978644adb82aba876d201fef') in 0.140096 seconds 
========================================================================
Received Import Request.
  Time since last request: 0.979610 seconds.
  path: Assets/SteamVR/InteractionSystem/Teleport/Scripts/AllowTeleportWhileAttachedToHand.cs
  artifactKey: Guid(b8d4cc6cf300b3e4bb1411c4e041030c) Importer(815301076,1909f56bfc062723c751e8b465ee728b)
Start importing Assets/SteamVR/InteractionSystem/Teleport/Scripts/AllowTeleportWhileAttachedToHand.cs using Guid(b8d4cc6cf300b3e4bb1411c4e041030c) Importer(815301076,1909f56bfc062723c751e8b465ee728b)  -> (artifact id: '9bfe38dc3aee4ed5409ca97aaad955f3') in 0.014083 seconds 
========================================================================
Received Import Request.
  Time since last request: 10.387578 seconds.
  path: Assets/SteamVR/InteractionSystem/Teleport/Scripts/Teleport.cs
  artifactKey: Guid(f260935093f73f241bfaa1578e5e5506) Importer(815301076,1909f56bfc062723c751e8b465ee728b)
Start importing Assets/SteamVR/InteractionSystem/Teleport/Scripts/Teleport.cs using Guid(f260935093f73f241bfaa1578e5e5506) Importer(815301076,1909f56bfc062723c751e8b465ee728b)  -> (artifact id: 'c9c44b619c8782f6254486db368fbc5c') in 0.007196 seconds 
========================================================================
Received Import Request.
  Time since last request: 12.268215 seconds.
  path: Assets/SteamVR/InteractionSystem/Teleport/Scripts/TeleportArc.cs
  artifactKey: Guid(a043c731a29ecd745a9270fbf002ee68) Importer(815301076,1909f56bfc062723c751e8b465ee728b)
Start importing Assets/SteamVR/InteractionSystem/Teleport/Scripts/TeleportArc.cs using Guid(a043c731a29ecd745a9270fbf002ee68) Importer(815301076,1909f56bfc062723c751e8b465ee728b)  -> (artifact id: '5861a99d1afe023807e4f63b9a1c6010') in 0.008573 seconds 
========================================================================
Received Import Request.
  Time since last request: 7.803284 seconds.
  path: Assets/SteamVR/InteractionSystem/Teleport/Scripts/TeleportArea.cs
  artifactKey: Guid(84a4f15a3179f1d4993aded11f4d0232) Importer(815301076,1909f56bfc062723c751e8b465ee728b)
Start importing Assets/SteamVR/InteractionSystem/Teleport/Scripts/TeleportArea.cs using Guid(84a4f15a3179f1d4993aded11f4d0232) Importer(815301076,1909f56bfc062723c751e8b465ee728b)  -> (artifact id: '2b8ab0f786adba7c89ae163c69f63646') in 0.027251 seconds 
========================================================================
Received Import Request.
  Time since last request: 76.611396 seconds.
  path: Assets/SteamVR/InteractionSystem/Teleport
  artifactKey: Guid(2f105d731b4539940bf471aeb837ac94) Importer(815301076,1909f56bfc062723c751e8b465ee728b)
Start importing Assets/SteamVR/InteractionSystem/Teleport using Guid(2f105d731b4539940bf471aeb837ac94) Importer(815301076,1909f56bfc062723c751e8b465ee728b)  -> (artifact id: '22012e18166ce01692c4f8802a8fb5ed') in 0.004391 seconds 
========================================================================
Received Import Request.
  Time since last request: 3.955322 seconds.
  path: Assets/SteamVR/InteractionSystem/Teleport/Scripts
  artifactKey: Guid(e4c4a2a27a81a8047ab1987a441abb3e) Importer(815301076,1909f56bfc062723c751e8b465ee728b)
Start importing Assets/SteamVR/InteractionSystem/Teleport/Scripts using Guid(e4c4a2a27a81a8047ab1987a441abb3e) Importer(815301076,1909f56bfc062723c751e8b465ee728b)  -> (artifact id: '5726a1a7d191cdb2fd0b6d78329f34d2') in 0.019317 seconds 
========================================================================
Received Import Request.
  Time since last request: 2.759875 seconds.
  path: Assets/SteamVR/InteractionSystem/Teleport/Scripts/TeleportMarkerBase.cs
  artifactKey: Guid(c6bc348d47e14444f9ca466d8cf06d46) Importer(815301076,1909f56bfc062723c751e8b465ee728b)
Start importing Assets/SteamVR/InteractionSystem/Teleport/Scripts/TeleportMarkerBase.cs using Guid(c6bc348d47e14444f9ca466d8cf06d46) Importer(815301076,1909f56bfc062723c751e8b465ee728b)  -> (artifact id: '4bd99d24a2d827e3613a20a9f4bdfcda') in 0.009244 seconds 
========================================================================
Received Import Request.
  Time since last request: 1.964492 seconds.
  path: Assets/SteamVR/InteractionSystem/Teleport/Scripts/IgnoreTeleportTrace.cs
  artifactKey: Guid(dc3be917a80086a48b97933694257f09) Importer(815301076,1909f56bfc062723c751e8b465ee728b)
Start importing Assets/SteamVR/InteractionSystem/Teleport/Scripts/IgnoreTeleportTrace.cs using Guid(dc3be917a80086a48b97933694257f09) Importer(815301076,1909f56bfc062723c751e8b465ee728b)  -> (artifact id: '9e76f5c46525edf1cdef02c307772352') in 0.011807 seconds 
========================================================================
Received Import Request.
  Time since last request: 9.605133 seconds.
  path: Assets/SteamVR/InteractionSystem/Teleport/Scripts/ChaperoneInfo.cs
  artifactKey: Guid(ebcc975aa3c1d5240936c86b600ca2a5) Importer(815301076,1909f56bfc062723c751e8b465ee728b)
Start importing Assets/SteamVR/InteractionSystem/Teleport/Scripts/ChaperoneInfo.cs using Guid(ebcc975aa3c1d5240936c86b600ca2a5) Importer(815301076,1909f56bfc062723c751e8b465ee728b)  -> (artifact id: '24743a1860a887b3c56cbe9d2e7290ce') in 0.007512 seconds 
========================================================================
Received Import Request.
  Time since last request: 5.452419 seconds.
  path: Assets/SteamVR/InteractionSystem/Teleport/Scripts/TeleportURPHelper.cs
  artifactKey: Guid(eedfa54ef02254a428194e8de8e14d75) Importer(815301076,1909f56bfc062723c751e8b465ee728b)
Start importing Assets/SteamVR/InteractionSystem/Teleport/Scripts/TeleportURPHelper.cs using Guid(eedfa54ef02254a428194e8de8e14d75) Importer(815301076,1909f56bfc062723c751e8b465ee728b)  -> (artifact id: 'b0e292d2213bffe5ae6c002cbf189105') in 0.005375 seconds 
========================================================================
Received Import Request.
  Time since last request: 1926.758426 seconds.
  path: Assets/SteamVR/InteractionSystem/Teleport/Prefabs
  artifactKey: Guid(068e188dddb83fb489788207ff119e08) Importer(815301076,1909f56bfc062723c751e8b465ee728b)
Start importing Assets/SteamVR/InteractionSystem/Teleport/Prefabs using Guid(068e188dddb83fb489788207ff119e08) Importer(815301076,1909f56bfc062723c751e8b465ee728b)  -> (artifact id: '1f386994ced8e64c64ed21663bddbef6') in 0.021393 seconds 
========================================================================
Received Prepare
Registering precompiled user dll's ...
Registered in 0.010201 seconds.
Begin MonoManager ReloadAssembly
Native extension for WindowsStandalone target not found
Native extension for Android target not found
Refreshing native plugins compatible for Editor in 3.12 ms, found 14 plugins.
Preloading 1 native plugins for Editor in 0.30 ms.
System.Reflection.TargetInvocationException: Exception has been thrown by the target of an invocation. ---> System.NullReferenceException: Object reference not set to an instance of an object
  at Unity.XR.Oculus.OculusLoader.AssetPathToAbsolutePath (System.String assetPath) [0x0003d] in D:\Mashed-Potatoes\Mashed Potatoes\Library\PackageCache\com.unity.xr.oculus@3.0.2\Runtime\OculusLoader.cs:271 
  at Unity.XR.Oculus.OculusLoader.EditorLoadOVRPlugin () [0x0007b] in D:\Mashed-Potatoes\Mashed Potatoes\Library\PackageCache\com.unity.xr.oculus@3.0.2\Runtime\OculusLoader.cs:256 
  at (wrapper managed-to-native) System.Reflection.RuntimeMethodInfo.InternalInvoke(System.Reflection.RuntimeMethodInfo,object,object[],System.Exception&)
  at System.Reflection.RuntimeMethodInfo.Invoke (System.Object obj, System.Reflection.BindingFlags invokeAttr, System.Reflection.Binder binder, System.Object[] parameters, System.Globalization.CultureInfo culture) [0x0006a] in <9aad1b3a47484d63ba2b3985692d80e9>:0 
   --- End of inner exception stack trace ---
  at System.Reflection.RuntimeMethodInfo.Invoke (System.Object obj, System.Reflection.BindingFlags invokeAttr, System.Reflection.Binder binder, System.Object[] parameters, System.Globalization.CultureInfo culture) [0x00083] in <9aad1b3a47484d63ba2b3985692d80e9>:0 
  at System.Reflection.MethodBase.Invoke (System.Object obj, System.Object[] parameters) [0x00000] in <9aad1b3a47484d63ba2b3985692d80e9>:0 
  at UnityEditor.EditorAssemblies.ProcessInitializeOnLoadMethodAttributes () [0x000a5] in <0d6ce211ebbc47e1a35a84c3672ff58f>:0 
UnityEngine.StackTraceUtility:ExtractStackTrace ()
UnityEngine.DebugLogHandler:LogFormat (UnityEngine.LogType,UnityEngine.Object,string,object[])
UnityEngine.Logger:Log (UnityEngine.LogType,object)
UnityEngine.Debug:LogError (object)
UnityEditor.EditorAssemblies:ProcessInitializeOnLoadMethodAttributes ()

Mono: successfully reloaded assembly
- Completed reload, in  2.380 seconds
Domain Reload Profiling:
	ReloadAssembly (2382ms)
		BeginReloadAssembly (567ms)
			ExecutionOrderSort (0ms)
			DisableScriptedObjects (23ms)
			BackupInstance (0ms)
			ReleaseScriptingObjects (0ms)
			CreateAndSetChildDomain (262ms)
		EndReloadAssembly (1665ms)
			LoadAssemblies (212ms)
			RebuildTransferFunctionScriptingTraits (1ms)
			SetupTypeCache (750ms)
			ReleaseScriptCaches (5ms)
			RebuildScriptCaches (70ms)
			SetupLoadedEditorAssemblies (601ms)
				LogAssemblyErrors (0ms)
				InitializePlatformSupportModulesInManaged (30ms)
				SetLoadedEditorAssemblies (1ms)
				RefreshPlugins (4ms)
				BeforeProcessingInitializeOnLoad (89ms)
				ProcessInitializeOnLoadAttributes (408ms)
				ProcessInitializeOnLoadMethodAttributes (64ms)
				AfterProcessingInitializeOnLoad (4ms)
				EditorAssembliesLoaded (1ms)
			ExecutionOrderSort2 (0ms)
			AwakeInstancesAfterBackupRestoration (9ms)
Platform modules already initialized, skipping
Refreshing native plugins compatible for Editor in 10.99 ms, found 14 plugins.
Preloading 1 native plugins for Editor in 0.06 ms.
Unloading 4585 Unused Serialized files (Serialized files now loaded: 0)
Unloading 41 unused Assets / (79.4 KB). Loaded Objects now: 5130.
Memory consumption went from 165.0 MB to 164.9 MB.
Total: 9.955800 ms (FindLiveObjects: 0.728800 ms CreateObjectMapping: 0.320600 ms MarkObjects: 8.207100 ms  DeleteObjects: 0.695700 ms)

AssetImportParameters requested are different than current active one (requested -> active):
  custom:video-decoder-ogg-theora: a1e56fd34408186e4bbccfd4996cb3dc -> 
  custom:container-muxer-webm: aa71ff27fc2769a1b78a27578f13a17b -> 
  custom:container-demuxer-webm: 4f35f7cbe854078d1ac9338744f61a02 -> 
  custom:video-encoder-webm-vp8: eb34c28f22e8b96e1ab97ce403110664 -> 
  custom:audio-encoder-webm-vorbis: bf7c407c2cedff20999df2af8eb42d56 -> 
  custom:framework-win-MediaFoundation: 216162199b28c13a410421893ffa2e32 -> 
  custom:container-demuxer-ogg: 62fdf1f143b41e24485cea50d1cbac27 -> 
  custom:video-decoder-webm-vp8: 9c59270c3fd7afecdb556c50c9e8de78 -> 
  custom:audio-decoder-ogg-vorbis: bf7c407c2cedff20999df2af8eb42d56 -> 
AssetImportWorkerClient::OnTransportError - code=10054 error=An existing connection was forcibly closed by the remote host.
